Pentru testu 13
744 872 945 1185 -842150451 1266 
Pentru testu 12
409 508 569 643 658 714 1115 1452 1640 1684 1713 -842150451 1907 
Pentru testu 11
93 103 370 587 593 593 593 635 1025 1045 1129 1536 1644 1867 -842150451 
Pentru testu 10
283 467 478 598 644 862 1468 1605 1708 1045 
Pentru testu 9
555 589 739 975 1106 1201 1579 1692 1717 1129 1762 
Pentru testu 8
24 70 143 797 799 1505 1579 
Pentru testu 7
347 358 905 927 993 1006 1105 1186 1420 1644 1900 2044 1644 
Pentru testu 6
22 185 341 384 876 1202 1478 1582 1741 1748 1758 1877 1905 1987 2050 -842150451 
Pentru testu 5
538 982 1278 1732 876 
Pentru testu 4
694 778 804 887 944 945 986 1262 1392 1487 1653 1668 1768 1840 2050 
Pentru testu 3
108 260 574 639 1140 1141 1432 1649 1762 1946 1653 
Pentru testu 2
9 11 37 75 466 524 532 548 739 1996 1653 
Pentru testu 1
241 303 442 662 720 931 1374 1463 1533 1666 1818 1847 1856 1895 1924 -842150451 
Pentru testu 0
591 740 1417 1535 1549 1583 1667 1746 1903 1975 2033 1847 
